2022-01-13 10:39:53,570 - 
**********************************************************************
SR 99 340 low price notice
 Price : 1610.00 BABY(1136.52USDT) 75.06%
 Baby Name :Altcoin Collector
 Baby RARITY :SR
 Main Attr(Stamina) :99
 Sub Attr(Grit) :75
 Level : 4
 TotalAttr : 341
 TotalScore : 557.20
 ID : https://thecryptoyou.io/market/95294499941907792970664622216855652042153645374556098319132911964680784598723

2022-01-13 10:39:55,712 - 
*****
R low price notice
 Price : 300.00 BABY(211.77USDT) -600.71%
 Baby Name :Futures Lover
 Baby RARITY :R
 Main Attr(Strength) :43
 Sub Attr(Stamina) :57
 Level : 4
 TotalAttr : 190
 TotalScore : 304.08
 ID : https://thecryptoyou.io/market/77500741708042248858445618503211420206630859301520630541913228210195502432019

2022-01-13 22:55:17,299 - 
*******************************************************
SSR 99 400+ low price notice
 Price : 1500.00 BABY(1185.71USDT) 96.07%
 Baby Name :Hacker
 Baby RARITY :SSR
 Main Attr(Mentality) :99
 Sub Attr(Stamina) :65
 Level : 4
 TotalAttr : 401
 TotalScore : 639.80
 ID : https://thecryptoyou.io/market/3494783418654494133593042511991842613406377963654239642642541440070557789294

2022-01-13 22:55:31,181 - 
*******************************************************
SSR 99 400+ low price notice
 Price : 1500.00 BABY(1185.71USDT) 96.07%
 Baby Name :Hacker
 Baby RARITY :SSR
 Main Attr(Mentality) :99
 Sub Attr(Stamina) :65
 Level : 4
 TotalAttr : 401
 TotalScore : 639.80
 ID : https://thecryptoyou.io/market/3494783418654494133593042511991842613406377963654239642642541440070557789294

2022-01-13 22:55:43,014 - 
*******************************************************
SSR 99 400+ low price notice
 Price : 1500.00 BABY(1185.71USDT) 96.07%
 Baby Name :Hacker
 Baby RARITY :SSR
 Main Attr(Mentality) :99
 Sub Attr(Stamina) :65
 Level : 4
 TotalAttr : 401
 TotalScore : 639.80
 ID : https://thecryptoyou.io/market/3494783418654494133593042511991842613406377963654239642642541440070557789294

2022-01-13 22:56:01,483 - 
*******************************************************
SSR 99 400+ low price notice
 Price : 1500.00 BABY(1185.71USDT) 96.07%
 Baby Name :Hacker
 Baby RARITY :SSR
 Main Attr(Mentality) :99
 Sub Attr(Stamina) :65
 Level : 4
 TotalAttr : 401
 TotalScore : 639.80
 ID : https://thecryptoyou.io/market/3494783418654494133593042511991842613406377963654239642642541440070557789294

2022-01-13 22:56:27,034 - 
*******************************************************
SSR 99 400+ low price notice
 Price : 1500.00 BABY(1185.71USDT) 96.07%
 Baby Name :Hacker
 Baby RARITY :SSR
 Main Attr(Mentality) :99
 Sub Attr(Stamina) :65
 Level : 4
 TotalAttr : 401
 TotalScore : 639.80
 ID : https://thecryptoyou.io/market/3494783418654494133593042511991842613406377963654239642642541440070557789294

